{"environment":"development","level":"info","message":"Buildroonix ERP backend started","port":5002,"timestamp":"2026-07-09T11:36:51.799Z"}
{"level":"http","message":"::1 - - [09/Jul/2026:11:36:59 +0000] \"POST /api/v1/auth/login HTTP/1.1\" 200 508 \"-\" \"curl/8.5.0\"","timestamp":"2026-07-09T11:36:59.149Z"}
{"level":"http","message":"::1 - - [09/Jul/2026:11:36:59 +0000] \"POST /api/v1/auth/login HTTP/1.1\" 200 508 \"-\" \"curl/8.5.0\"","timestamp":"2026-07-09T11:36:59.265Z"}
{"level":"http","message":"::1 - - [09/Jul/2026:11:36:59 +0000] \"POST /api/v1/superadmin/institutions HTTP/1.1\" 201 666 \"-\" \"curl/8.5.0\"","timestamp":"2026-07-09T11:36:59.392Z"}
{"level":"http","message":"::1 - - [09/Jul/2026:11:36:59 +0000] \"POST /api/v1/superadmin/institutions HTTP/1.1\" 201 621 \"-\" \"curl/8.5.0\"","timestamp":"2026-07-09T11:36:59.515Z"}
{"level":"http","message":"::1 - - [09/Jul/2026:11:36:59 +0000] \"POST /api/v1/superadmin/institutions HTTP/1.1\" 201 570 \"-\" \"curl/8.5.0\"","timestamp":"2026-07-09T11:36:59.643Z"}
{"level":"http","message":"::1 - - [09/Jul/2026:11:36:59 +0000] \"PUT /api/v1/superadmin/institutions/b47b7f10-fdc6-4ac1-8e68-b4155c28678d/status HTTP/1.1\" 200 499 \"-\" \"curl/8.5.0\"","timestamp":"2026-07-09T11:36:59.668Z"}
{"level":"http","message":"::1 - - [09/Jul/2026:11:36:59 +0000] \"PUT /api/v1/superadmin/institutions/b47b7f10-fdc6-4ac1-8e68-b4155c28678d/plan HTTP/1.1\" 200 504 \"-\" \"curl/8.5.0\"","timestamp":"2026-07-09T11:36:59.686Z"}
{"level":"http","message":"::1 - - [09/Jul/2026:11:36:59 +0000] \"PUT /api/v1/superadmin/institutions/b47b7f10-fdc6-4ac1-8e68-b4155c28678d/modules HTTP/1.1\" 200 342 \"-\" \"curl/8.5.0\"","timestamp":"2026-07-09T11:36:59.706Z"}
{"level":"http","message":"::1 - - [09/Jul/2026:11:36:59 +0000] \"PUT /api/v1/superadmin/institutions/cb45c02a-855f-4b3f-94bf-0725e6f63a29/status HTTP/1.1\" 200 456 \"-\" \"curl/8.5.0\"","timestamp":"2026-07-09T11:36:59.724Z"}
{"level":"http","message":"::1 - - [09/Jul/2026:11:36:59 +0000] \"PUT /api/v1/superadmin/institutions/cb45c02a-855f-4b3f-94bf-0725e6f63a29/plan HTTP/1.1\" 200 454 \"-\" \"curl/8.5.0\"","timestamp":"2026-07-09T11:36:59.741Z"}
{"level":"http","message":"::1 - - [09/Jul/2026:11:36:59 +0000] \"PUT /api/v1/superadmin/institutions/cb45c02a-855f-4b3f-94bf-0725e6f63a29/modules HTTP/1.1\" 200 465 \"-\" \"curl/8.5.0\"","timestamp":"2026-07-09T11:36:59.759Z"}
{"level":"http","message":"::1 - - [09/Jul/2026:11:36:59 +0000] \"PUT /api/v1/superadmin/institutions/63351c47-acdf-4f3d-a6c2-e0bf12574fce/status HTTP/1.1\" 200 411 \"-\" \"curl/8.5.0\"","timestamp":"2026-07-09T11:36:59.775Z"}
{"level":"http","message":"::1 - - [09/Jul/2026:11:36:59 +0000] \"PUT /api/v1/superadmin/institutions/63351c47-acdf-4f3d-a6c2-e0bf12574fce/plan HTTP/1.1\" 200 411 \"-\" \"curl/8.5.0\"","timestamp":"2026-07-09T11:36:59.791Z"}
{"level":"http","message":"::1 - - [09/Jul/2026:11:36:59 +0000] \"PUT /api/v1/superadmin/institutions/63351c47-acdf-4f3d-a6c2-e0bf12574fce/modules HTTP/1.1\" 200 302 \"-\" \"curl/8.5.0\"","timestamp":"2026-07-09T11:36:59.807Z"}
{"level":"http","message":"::1 - - [09/Jul/2026:11:36:59 +0000] \"POST /api/v1/auth/login HTTP/1.1\" 200 601 \"-\" \"curl/8.5.0\"","timestamp":"2026-07-09T11:36:59.927Z"}
{"level":"http","message":"::1 - - [09/Jul/2026:11:36:59 +0000] \"GET /api/v1/admin/my-institution HTTP/1.1\" 200 363 \"-\" \"curl/8.5.0\"","timestamp":"2026-07-09T11:36:59.956Z"}
{"level":"http","message":"::1 - - [09/Jul/2026:11:37:00 +0000] \"POST /api/v1/auth/login HTTP/1.1\" 200 588 \"-\" \"curl/8.5.0\"","timestamp":"2026-07-09T11:37:00.087Z"}
{"level":"http","message":"::1 - - [09/Jul/2026:11:37:00 +0000] \"GET /api/v1/admin/my-institution HTTP/1.1\" 200 486 \"-\" \"curl/8.5.0\"","timestamp":"2026-07-09T11:37:00.103Z"}
{"level":"http","message":"::1 - - [09/Jul/2026:11:37:00 +0000] \"POST /api/v1/auth/login HTTP/1.1\" 200 572 \"-\" \"curl/8.5.0\"","timestamp":"2026-07-09T11:37:00.227Z"}
{"level":"http","message":"::1 - - [09/Jul/2026:11:37:00 +0000] \"GET /api/v1/admin/my-institution HTTP/1.1\" 200 323 \"-\" \"curl/8.5.0\"","timestamp":"2026-07-09T11:37:00.244Z"}
{"level":"http","message":"::1 - - [09/Jul/2026:11:37:00 +0000] \"POST /api/v1/admin/users HTTP/1.1\" 201 691 \"-\" \"curl/8.5.0\"","timestamp":"2026-07-09T11:37:00.375Z"}
{"level":"http","message":"::1 - - [09/Jul/2026:11:37:00 +0000] \"POST /api/v1/admin/users HTTP/1.1\" 201 679 \"-\" \"curl/8.5.0\"","timestamp":"2026-07-09T11:37:00.492Z"}
{"level":"http","message":"::1 - - [09/Jul/2026:11:37:00 +0000] \"POST /api/v1/admin/users HTTP/1.1\" 201 329 \"-\" \"curl/8.5.0\"","timestamp":"2026-07-09T11:37:00.514Z"}
{"level":"http","message":"::1 - - [09/Jul/2026:11:37:00 +0000] \"POST /api/v1/admin/classes HTTP/1.1\" 201 40 \"-\" \"curl/8.5.0\"","timestamp":"2026-07-09T11:37:00.534Z"}
{"level":"http","message":"::1 - - [09/Jul/2026:11:37:00 +0000] \"POST /api/v1/admin/classes HTTP/1.1\" 201 40 \"-\" \"curl/8.5.0\"","timestamp":"2026-07-09T11:37:00.559Z"}
{"level":"http","message":"::1 - - [09/Jul/2026:11:37:00 +0000] \"GET /api/v1/admin/classes HTTP/1.1\" 200 200 \"-\" \"curl/8.5.0\"","timestamp":"2026-07-09T11:37:00.580Z"}
{"level":"http","message":"::1 - - [09/Jul/2026:11:37:00 +0000] \"PUT /api/v1/admin/classes/Class-X-A HTTP/1.1\" 200 40 \"-\" \"curl/8.5.0\"","timestamp":"2026-07-09T11:37:00.608Z"}
{"level":"http","message":"::1 - - [09/Jul/2026:11:37:00 +0000] \"GET /api/v1/admin/users?role=student HTTP/1.1\" 200 682 \"-\" \"curl/8.5.0\"","timestamp":"2026-07-09T11:37:00.624Z"}
{"level":"http","message":"::1 - - [09/Jul/2026:11:37:00 +0000] \"GET /api/v1/admin/payroll?month=July&year=2026 HTTP/1.1\" 200 708 \"-\" \"curl/8.5.0\"","timestamp":"2026-07-09T11:37:00.651Z"}
{"level":"http","message":"::1 - - [09/Jul/2026:11:37:00 +0000] \"PUT /api/v1/admin/payroll/ed6b8160-7833-4500-b7d4-1ecf92c29325/pay HTTP/1.1\" 200 386 \"-\" \"curl/8.5.0\"","timestamp":"2026-07-09T11:37:00.672Z"}
{"level":"http","message":"::1 - - [09/Jul/2026:11:37:00 +0000] \"POST /api/v1/auth/login HTTP/1.1\" 200 601 \"-\" \"curl/8.5.0\"","timestamp":"2026-07-09T11:37:00.792Z"}
{"level":"http","message":"::1 - - [09/Jul/2026:11:37:00 +0000] \"GET /api/v1/teacher/payroll HTTP/1.1\" 200 388 \"-\" \"curl/8.5.0\"","timestamp":"2026-07-09T11:37:00.923Z"}
{"level":"http","message":"::1 - - [09/Jul/2026:11:37:00 +0000] \"POST /api/v1/teacher/diaries HTTP/1.1\" 201 433 \"-\" \"curl/8.5.0\"","timestamp":"2026-07-09T11:37:00.940Z"}
{"level":"http","message":"::1 - - [09/Jul/2026:11:37:00 +0000] \"GET /api/v1/teacher/diaries HTTP/1.1\" 200 435 \"-\" \"curl/8.5.0\"","timestamp":"2026-07-09T11:37:00.958Z"}
{"level":"http","message":"::1 - - [09/Jul/2026:11:37:00 +0000] \"POST /api/v1/teacher/gradebook/batch HTTP/1.1\" 200 59 \"-\" \"curl/8.5.0\"","timestamp":"2026-07-09T11:37:00.986Z"}
{"level":"http","message":"::1 - - [09/Jul/2026:11:37:01 +0000] \"GET /api/v1/teacher/gradebook?subject=IOT%20%26%20Embedded%20Systems&class=Class-XI&section=B HTTP/1.1\" 200 245 \"-\" \"curl/8.5.0\"","timestamp":"2026-07-09T11:37:01.003Z"}
{"level":"http","message":"::1 - - [09/Jul/2026:11:37:01 +0000] \"POST /api/v1/auth/login HTTP/1.1\" 200 581 \"-\" \"curl/8.5.0\"","timestamp":"2026-07-09T11:37:01.126Z"}
{"level":"http","message":"::1 - - [09/Jul/2026:11:37:01 +0000] \"GET /api/v1/student/class-info HTTP/1.1\" 200 358 \"-\" \"curl/8.5.0\"","timestamp":"2026-07-09T11:37:01.252Z"}
{"level":"http","message":"::1 - - [09/Jul/2026:11:37:01 +0000] \"GET /api/v1/student/results HTTP/1.1\" 200 931 \"-\" \"curl/8.5.0\"","timestamp":"2026-07-09T11:37:01.271Z"}
{"level":"http","message":"::1 - - [09/Jul/2026:11:37:01 +0000] \"DELETE /api/v1/admin/classes/Class-XI-B HTTP/1.1\" 200 40 \"-\" \"curl/8.5.0\"","timestamp":"2026-07-09T11:37:01.289Z"}
{"level":"http","message":"::1 - - [09/Jul/2026:11:37:01 +0000] \"GET /api/v1/admin/users?role=student HTTP/1.1\" 200 677 \"-\" \"curl/8.5.0\"","timestamp":"2026-07-09T11:37:01.307Z"}
{"level":"http","message":"::1 - - [09/Jul/2026:11:37:01 +0000] \"POST /api/v1/auth/register HTTP/1.1\" 201 122 \"-\" \"curl/8.5.0\"","timestamp":"2026-07-09T11:37:01.447Z"}
{"level":"http","message":"::1 - - [09/Jul/2026:11:37:01 +0000] \"POST /api/v1/auth/login HTTP/1.1\" 403 87 \"-\" \"curl/8.5.0\"","timestamp":"2026-07-09T11:37:01.472Z"}
{"level":"http","message":"::1 - - [09/Jul/2026:11:37:01 +0000] \"GET /api/v1/admin/enrollment-requests HTTP/1.1\" 200 182 \"-\" \"curl/8.5.0\"","timestamp":"2026-07-09T11:37:01.495Z"}
{"level":"http","message":"::1 - - [09/Jul/2026:11:37:01 +0000] \"PUT /api/v1/admin/enrollment-requests/0b116b15-095a-43a3-929b-36a746eeb080/approve HTTP/1.1\" 200 740 \"-\" \"curl/8.5.0\"","timestamp":"2026-07-09T11:37:01.522Z"}
{"level":"http","message":"::1 - - [09/Jul/2026:11:37:01 +0000] \"POST /api/v1/auth/login HTTP/1.1\" 200 618 \"-\" \"curl/8.5.0\"","timestamp":"2026-07-09T11:37:01.697Z"}
{"level":"http","message":"::1 - - [09/Jul/2026:11:37:01 +0000] \"POST /api/v1/admin/users HTTP/1.1\" 201 658 \"-\" \"curl/8.5.0\"","timestamp":"2026-07-09T11:37:01.863Z"}
{"level":"http","message":"::1 - - [09/Jul/2026:11:37:01 +0000] \"POST /api/v1/teacher/parent-messages HTTP/1.1\" 201 495 \"-\" \"curl/8.5.0\"","timestamp":"2026-07-09T11:37:01.891Z"}
{"level":"http","message":"::1 - - [09/Jul/2026:11:37:01 +0000] \"GET /api/v1/admin/parent-messages HTTP/1.1\" 200 431 \"-\" \"curl/8.5.0\"","timestamp":"2026-07-09T11:37:01.915Z"}
{"level":"http","message":"::1 - - [09/Jul/2026:11:37:02 +0000] \"POST /api/v1/auth/login HTTP/1.1\" 200 583 \"-\" \"curl/8.5.0\"","timestamp":"2026-07-09T11:37:02.061Z"}
{"level":"http","message":"::1 - - [09/Jul/2026:11:37:02 +0000] \"GET /api/v1/parent/child-info HTTP/1.1\" 200 746 \"-\" \"curl/8.5.0\"","timestamp":"2026-07-09T11:37:02.179Z"}
{"level":"http","message":"::1 - - [09/Jul/2026:11:37:02 +0000] \"GET /api/v1/parent/messages HTTP/1.1\" 200 431 \"-\" \"curl/8.5.0\"","timestamp":"2026-07-09T11:37:02.194Z"}
{"level":"http","message":"::1 - - [09/Jul/2026:11:37:02 +0000] \"DELETE /api/v1/teacher/diaries/599030f8-7b74-41f8-bde9-40e0c8b87180 HTTP/1.1\" 200 47 \"-\" \"curl/8.5.0\"","timestamp":"2026-07-09T11:37:02.216Z"}
{"level":"http","message":"::1 - - [09/Jul/2026:11:37:02 +0000] \"DELETE /api/v1/admin/users/0b116b15-095a-43a3-929b-36a746eeb080?role=student HTTP/1.1\" 200 40 \"-\" \"curl/8.5.0\"","timestamp":"2026-07-09T11:37:02.229Z"}
{"level":"http","message":"::1 - - [09/Jul/2026:11:37:02 +0000] \"DELETE /api/v1/admin/users/a7dafc11-a619-4748-856b-2a687b5fdf30?role=parent HTTP/1.1\" 200 40 \"-\" \"curl/8.5.0\"","timestamp":"2026-07-09T11:37:02.242Z"}
{"level":"http","message":"::1 - - [09/Jul/2026:11:37:02 +0000] \"POST /api/v1/auth/login HTTP/1.1\" 200 588 \"-\" \"curl/8.5.0\"","timestamp":"2026-07-09T11:37:02.366Z"}
{"level":"http","message":"::1 - - [09/Jul/2026:11:37:02 +0000] \"POST /api/v1/admin/users HTTP/1.1\" 201 675 \"-\" \"curl/8.5.0\"","timestamp":"2026-07-09T11:37:02.482Z"}
{"level":"http","message":"::1 - - [09/Jul/2026:11:37:02 +0000] \"POST /api/v1/admin/users HTTP/1.1\" 201 678 \"-\" \"curl/8.5.0\"","timestamp":"2026-07-09T11:37:02.625Z"}
{"level":"http","message":"::1 - - [09/Jul/2026:11:37:02 +0000] \"POST /api/v1/superadmin/institutions HTTP/1.1\" 401 57 \"-\" \"curl/8.5.0\"","timestamp":"2026-07-09T11:37:02.635Z"}
{"level":"http","message":"::1 - - [09/Jul/2026:11:37:02 +0000] \"PATCH /api/v1/superadmin/institutions/ HTTP/1.1\" 401 57 \"-\" \"curl/8.5.0\"","timestamp":"2026-07-09T11:37:02.648Z"}
{"level":"http","message":"::1 - - [09/Jul/2026:11:37:02 +0000] \"POST /api/v1/auth/login HTTP/1.1\" 401 70 \"-\" \"curl/8.5.0\"","timestamp":"2026-07-09T11:37:02.659Z"}
{"level":"http","message":"::1 - - [09/Jul/2026:11:37:02 +0000] \"POST /api/v1/admin/users HTTP/1.1\" 401 57 \"-\" \"curl/8.5.0\"","timestamp":"2026-07-09T11:37:02.670Z"}
{"level":"http","message":"::1 - - [09/Jul/2026:11:37:02 +0000] \"POST /api/v1/admin/users HTTP/1.1\" 401 57 \"-\" \"curl/8.5.0\"","timestamp":"2026-07-09T11:37:02.679Z"}
